1 : 0
2 : 0
3 : 1
4 : 1
5 : 4
6 : 3
7 : 8
8 : 8
9 : 12
10 : 13
11 : 22
12 : 17
13 : 28
14 : 31
15 : 36
16 : 36
17 : 51
18 : 47
19 : 64
20 : 61
21 : 70
22 : 77
23 : 98
24 : 85
25 : 103
26 : 112
27 : 125
28 : 124
29 : 151
30 : 138
31 : 167
32 : 167
33 : 184
34 : 197
35 : 218
36 : 198
37 : 233
38 : 248
39 : 269
40 : 258
41 : 297
42 : 284
43 : 325
44 : 328
45 : 339
46 : 358
47 : 403
48 : 374
49 : 414
50 : 420
51 : 449
52 : 454
53 : 505
54 : 492
55 : 529
56 : 520
57 : 553
58 : 578
59 : 635
60 : 586
61 : 645
62 : 672
63 : 693
64 : 693
65 : 738
66 : 725
67 : 790
68 : 799
69 : 840
70 : 835
71 : 904
72 : 852
73 : 923
74 : 956
75 : 981
76 : 992
77 : 1049
78 : 1036
79 : 1113
80 : 1086
81 : 1126
82 : 1163
83 : 1244
84 : 1187
85 : 1248
86 : 1287
87 : 1340
88 : 1335
89 : 1422
90 : 1367
91 : 1436
92 : 1451
93 : 1508
94 : 1551
