798376255
192978060
52768520
235541493
36016493
659639503
872056282
960512000
521592798
810649078
324654097
209996115
499828637
239766651
461316723
880981637
273677136
59206788
421169059
362657061
275709662
961026145
997
221927438
379658793
157072932
977888536
124610616
138872780
312989586
156222201
430344328
743426246
224284069
412423905
160285687
137035407
79885636
601522005
699139404
548692096
322984509
867067900
411260225
387279669
146443230
355833633
879021267
756847720
662272737
440156604
627259394
689213352
981831986
388526788
64052816
373422430
757158756
686595806
129031331
109218577
33079357
179196542
363700968
536738660
305608132
918043666
97533381
984750029
276024250
693999613
748545821
955623734
876867725
820527993
811575941
808128771
630549679
166536635
720062017
980042021
638151896
942931131
781395180
763966490
899942129
520077064
18510344
87956618
263779557
840705065
383097824
465072304
479669296
553453325
50310070
88920774
353807737
28000992
204662202
