122338799
679513870
279811430
95460307
227831071
810686482
361911901
970817224
962925576
960583287
368074628
359343849
508201238
25958561
432368542
551561058
588909133
660124039
787615963
896125404
932230802
59206788
233414175
195471063
483959146
195447136
57061522
112109816
941470015
371481758
234366387
612142921
956148653
548906959
693495512
792647737
523720833
646223495
190791177
416104348
334967105
434998210
913637439
812600273
174495797
332895754
671222460
684705809
921460839
687091701
206065335
837317909
367405987
769759283
452170466
740500746
617535935
330985317
379684031
309372135
585839881
485467216
413558124
97217455
290009396
901066188
795119997
541365845
544101725
587015924
279320512
241445998
120978401
922715847
277325287
499229272
837181406
510513484
285860225
536305849
715534842
979784861
695506519
22307763
162819812
108474981
15711607
556857618
215949972
703092902
14231437
534320190
983664264
876336397
492405372
924554808
455616224
470106949
715593812
388962556
