903215138
186587469
748766385
528090983
123606663
263996226
6893227
165027324
885286056
919585287
150005889
76257724
47312511
196104205
250803511
223620160
970840128
510857545
993714256
224426034
218679310
901042313
359521658
538896701
335186863
372543936
678
34906969
193937399
796297179
324126801
695892037
461596940
668546998
155494333
764569766
921041178
142202839
201493780
15168968
830566695
785001858
889386652
127569634
981030967
57247779
86435626
119930800
20162855
520612144
20523725
115694981
624382256
441477713
427311459
813371107
233191075
37968912
887068527
386812027
790037183
228437188
116579549
934732061
203214199
497507190
689422729
637092043
428385757
580622543
991
93086794
421683803
249417377
846666917
620115592
762856189
30675967
166412628
336418903
670482780
874157528
467248096
776512445
426848832
615467272
535290767
213662244
702608443
161507484
908451477
488043434
450759198
686079194
801546785
112555478
44951801
806652946
791596440
83980899
