211468868
882618024
442443385
633250691
999924844
569460416
986939991
916460020
555070301
218677012
634829571
554660920
339713493
749176273
342008128
646143783
898446432
53450073
895044435
612965579
671588137
691936154
35574937
620705063
276488788
165849329
892854044
963778989
210259491
386138397
299023919
42253692
857693037
756696738
263721758
394028289
960744360
46908425
455989343
999935577
183230685
805751876
307958609
279264748
852454513
915238963
453628
138097356
152733025
554481423
291573437
652267372
162650733
660097406
261319703
5267796
310611613
509498839
110566707
923887380
805442859
779800445
356913355
632520027
778357196
318773203
682325150
699844217
31611452
317337276
721538603
805042413
157612383
258863448
743409324
710007652
556887963
827446881
236039523
417677572
650606510
835672063
658499582
753527012
452296180
40642381
391283937
36963612
624099777
727358129
163819162
197464126
899916171
250982337
203949364
371925352
324545228
651888714
944956884
537296933
