892484525
465555565
109229372
478228747
349351517
58131652
834736467
287980
393042618
342359931
555359292
761863444
349776636
417584999
89561164
130965927
895133071
965983570
326511060
764363156
465725917
237192913
358859135
615888834
343263327
148118809
910328794
122836596
735464632
399520978
248233446
672993297
782358686
186833390
618031354
349811311
387379296
733765343
754819095
747548446
381034470
43769302
944751635
365431743
794543956
571558269
455624638
724214956
47688614
902322667
682144156
842444051
155230158
671254045
797477965
393128859
229280286
174603618
503647688
892300910
573392414
664138623
778209484
596279083
683272340
881057327
373058120
56095057
472280853
853688685
674099138
576401247
181235717
535812964
867548028
338739348
462380232
80109685
692353773
222834931
97473543
112577895
92323137
309830087
34531396
975239196
464234233
820810909
648097268
940818014
508703443
484620
985978807
599658481
920256758
920679732
186628460
201613419
53202168
495016589
