214554799
8
279632277
611730172
715652984
175880701
301741558
1
669157962
1
1
778316125
1
996091713
1
896739923
632009475
0
1
877835659
998632880
848977221
486337504
675505197
120429203
1
490000000
2
792845266
938182646
829749949
930493116
125
1953125
1
1
0
767713261
0
795319374
899182159
7
134217728
1
10
680481161
877835659
112070339
11444161
587889561
0
820077145
763327764
774491455
1
81
171356423
558332896
776383561
957899541
3
10
476527492
831930007
7
215184675
4
2
3
0
915466347
400017725
640723623
675505197
1
767713261
1
9
952471985
679405595
136318165
1
1
4
1
750708475
989568599
472438967
687937142
995793507
10
66287806
6
5
1
776383561
0
1
60466176
36221046
