730885442
20339523
993282280
8
625
1
930000007
1
103592280
1
235042059
451694074
5
860291332
955006340
32043515
798771097
0
1
1
0
435831989
1
5
907609418
1024
3
0
1
8
435831989
8
763327764
401082403
499445072
1
0
967825847
3
860291332
339514974
871372229
431219815
131418542
991764577
587174065
790790578
0
339514974
30325608
355954501
107268704
183133701
634343489
84533660
518446848
294967268
358110685
3
880571358
8
860291332
9
846553775
5
680895370
64935414
1
353020617
262144
81
9
584809521
754573817
1
154695804
3
915466347
3
774491455
0
6
416377177
353258087
81932739
1
320606212
0
131418542
40353607
951047217
876988027
346574717
5
256
2401
875618538
657257921
58524731
1
