282452398
1
989568599
693723814
0
43046721
1
131418542
109887709
81
389421928
8
1
0
255154149
1
0
610836094
6561
1
0
1
380285724
898961331
1
0
221730025
699853951
1
387420489
0
896739923
1
272100766
2187
767822271
34741584
1
611730172
899182159
9765625
1
4
523654069
6
1
4
196366714
375225192
100000000
141280854
339514974
1
4
40353607
0
946501044
855730640
6
1
0
325357896
594544596
418385479
81
1
0
1
1
378129687
279632277
1
1
614428880
587360985
472908965
84848577
4
279632277
1
7
582344008
81
678813235
273125855
279936
6
6
971459291
1
0
1
4
581811561
0
1
339514974
91039580
4
1
