1
0
6
1
1
64935414
952471985
0
1000
10
8
91039580
10
412057510
8
4
1
399112095
13312273
174444337
2
273125855
437451649
735568595
10000
846217527
730885442
959646400
5
904313980
107268704
4
7
171376783
1
0
125918023
555169211
631323152
2
7
586554582
915466347
4
595892097
683393301
259616729
8
754573817
6
301739555
1
134217728
541055903
7
1
1
797294476
1
1
7
458728530
989568599
762443934
332869146
84533660
1
0
959646400
1
624061500
136519561
378129687
5
737946130
7
1
256
582344008
7506762
9
1
15625
638159662
474336950
885127766
3
7
1
30325608
171376783
767893718
353020617
755909328
1
226732710
0
761883518
2
9
